*** Using Compiler 'V5.06 update 6 (build 750)', folder: 'D:\MDK5\ARM\ARMCC\Bin'
Build target 'BMX_test'
compiling tim.c...
compiling usart.c...
compiling gpio.c...
compiling stm32f1xx_it.c...
compiling spi.c...
compiling bmx055.c...
compiling main.c...
compiling stm32f1xx_hal.c...
compiling stm32f1xx_hal_gpio_ex.c...
compiling stm32f1xx_hal_msp.c...
compiling stm32f1xx_hal_spi.c...
compiling stm32f1xx_hal_rcc.c...
compiling stm32f1xx_hal_rcc_ex.c...
compiling stm32f1xx_hal_gpio.c...
compiling stm32f1xx_hal_exti.c...
compiling stm32f1xx_hal_flash.c...
compiling stm32f1xx_hal_flash_ex.c...
compiling stm32f1xx_hal_cortex.c...
compiling stm32f1xx_hal_pwr.c...
compiling stm32f1xx_hal_dma.c...
compiling Attitude_Estimation.c...
compiling stm32f1xx_hal_tim.c...
compiling system_stm32f1xx.c...
compiling stm32f1xx_hal_uart.c...
compiling stm32f1xx_hal_tim_ex.c...
linking...
Program Size: Code=18248 RO-data=308 RW-data=32 ZI-data=2536  
FromELF: creating hex file...
"BMX_test\BMX_test.axf" - 0 Error(s), 0 Warning(s).
Build Time Elapsed:  00:00:20
